

Started GET "/" for 127.0.0.1 at 2014-10-18 08:26:37 +0800
Processing by Rails::WelcomeController#index as HTML
  Rendered /Users/kafai/.rvm/gems/ruby-2.1.3/gems/railties-4.1.5/lib/rails/templates/rails/welcome/index.html.erb (1.6ms)
Completed 200 OK in 15ms (Views: 7.5ms | ActiveRecord: 0.0ms)
  [1m[36m (1.2ms)[0m  [1mCREATE TABLE "schema_migrations" ("version" varchar(255) NOT NULL) [0m
  [1m[35m (0.1ms)[0m  select sqlite_version(*)
  [1m[36m (0.8ms)[0m  [1mCREATE UNIQUE INDEX "unique_schema_migrations" ON "schema_migrations" ("version")[0m
  [1m[35mActiveRecord::SchemaMigration Load (0.1ms)[0m  SELECT "schema_migrations".* FROM "schema_migrations"
Migrating to CreateGroups (20141018005424)
  [1m[36m (0.1ms)[0m  [1mbegin transaction[0m
  [1m[35m (0.3ms)[0m  CREATE TABLE "groups" ("id" INTEGER PRIMARY KEY AUTOINCREMENT NOT NULL, "name" varchar(255), "public" boolean DEFAULT 't', "created_at" datetime, "updated_at" datetime) 
  [1m[36mSQL (0.1ms)[0m  [1mINSERT INTO "schema_migrations" ("version") VALUES (?)[0m  [["version", "20141018005424"]]
  [1m[35m (0.8ms)[0m  commit transaction
Migrating to CreatePlaylists (20141018005519)
  [1m[36m (0.0ms)[0m  [1mbegin transaction[0m
  [1m[35m (0.2ms)[0m  CREATE TABLE "playlists" ("id" INTEGER PRIMARY KEY AUTOINCREMENT NOT NULL, "name" varchar(255), "group_id" integer, "created_at" datetime, "updated_at" datetime) 
  [1m[36mSQL (0.1ms)[0m  [1mINSERT INTO "schema_migrations" ("version") VALUES (?)[0m  [["version", "20141018005519"]]
  [1m[35m (0.7ms)[0m  commit transaction
  [1m[36mActiveRecord::SchemaMigration Load (0.1ms)[0m  [1mSELECT "schema_migrations".* FROM "schema_migrations"[0m
  [1m[36mActiveRecord::SchemaMigration Load (0.1ms)[0m  [1mSELECT "schema_migrations".* FROM "schema_migrations"[0m
  [1m[35mActiveRecord::SchemaMigration Load (0.1ms)[0m  SELECT "schema_migrations".* FROM "schema_migrations"
  [1m[36mActiveRecord::SchemaMigration Load (0.1ms)[0m  [1mSELECT "schema_migrations".* FROM "schema_migrations"[0m
Migrating to CreateSongs (20141018010845)
  [1m[35m (0.0ms)[0m  begin transaction
  [1m[36m (0.2ms)[0m  [1mCREATE TABLE "songs" ("id" INTEGER PRIMARY KEY AUTOINCREMENT NOT NULL, "name" varchar(255), "playlist_id" integer, "created_at" datetime, "updated_at" datetime) [0m
  [1m[35mSQL (0.1ms)[0m  INSERT INTO "schema_migrations" ("version") VALUES (?)  [["version", "20141018010845"]]
  [1m[36m (1.6ms)[0m  [1mcommit transaction[0m
  [1m[35mActiveRecord::SchemaMigration Load (0.1ms)[0m  SELECT "schema_migrations".* FROM "schema_migrations"


Started GET "/" for 127.0.0.1 at 2014-10-18 09:14:03 +0800
  [1m[36mActiveRecord::SchemaMigration Load (0.1ms)[0m  [1mSELECT "schema_migrations".* FROM "schema_migrations"[0m
Processing by Rails::WelcomeController#index as HTML
  Rendered /Users/jack/.rvm/gems/ruby-2.1.1/gems/railties-4.1.5/lib/rails/templates/rails/welcome/index.html.erb (1.1ms)
Completed 200 OK in 12ms (Views: 4.6ms | ActiveRecord: 0.0ms)


Started GET "/" for 127.0.0.1 at 2014-10-18 09:47:41 +0800
  [1m[36mActiveRecord::SchemaMigration Load (0.2ms)[0m  [1mSELECT "schema_migrations".* FROM "schema_migrations"[0m
Processing by Rails::WelcomeController#index as HTML
  Rendered /Users/jack/.rvm/gems/ruby-2.1.1/gems/railties-4.1.5/lib/rails/templates/rails/welcome/index.html.erb (2.8ms)
Completed 200 OK in 23ms (Views: 13.7ms | ActiveRecord: 0.0ms)


Started GET "/" for 127.0.0.1 at 2014-10-18 09:48:39 +0800
Processing by Rails::WelcomeController#index as HTML
  Rendered /Users/jack/.rvm/gems/ruby-2.1.1/gems/railties-4.1.5/lib/rails/templates/rails/welcome/index.html.erb (0.0ms)
Completed 200 OK in 2ms (Views: 1.2ms | ActiveRecord: 0.0ms)


Started GET "/" for 127.0.0.1 at 2014-10-18 09:51:02 +0800
Processing by Rails::WelcomeController#index as HTML
  Rendered /Users/jack/.rvm/gems/ruby-2.1.1/gems/railties-4.1.5/lib/rails/templates/rails/welcome/index.html.erb (0.0ms)
Completed 200 OK in 2ms (Views: 1.0ms | ActiveRecord: 0.0ms)


Started GET "/" for 127.0.0.1 at 2014-10-18 09:51:16 +0800
  [1m[36mActiveRecord::SchemaMigration Load (0.1ms)[0m  [1mSELECT "schema_migrations".* FROM "schema_migrations"[0m
Processing by Rails::WelcomeController#index as HTML
  Rendered /Users/jack/.rvm/gems/ruby-2.1.1/gems/railties-4.1.5/lib/rails/templates/rails/welcome/index.html.erb (1.1ms)
Completed 200 OK in 17ms (Views: 5.1ms | ActiveRecord: 0.0ms)


Started GET "/" for 127.0.0.1 at 2014-10-18 09:51:40 +0800
Processing by Rails::WelcomeController#index as HTML
  Rendered /Users/jack/.rvm/gems/ruby-2.1.1/gems/railties-4.1.5/lib/rails/templates/rails/welcome/index.html.erb (0.1ms)
Completed 200 OK in 2ms (Views: 1.0ms | ActiveRecord: 0.0ms)


Started GET "/" for 127.0.0.1 at 2014-10-18 09:51:44 +0800
Processing by Rails::WelcomeController#index as HTML
  Rendered /Users/jack/.rvm/gems/ruby-2.1.1/gems/railties-4.1.5/lib/rails/templates/rails/welcome/index.html.erb (0.1ms)
Completed 200 OK in 2ms (Views: 1.0ms | ActiveRecord: 0.0ms)


Started GET "/" for 127.0.0.1 at 2014-10-18 09:52:53 +0800
Processing by Rails::WelcomeController#index as HTML
  Rendered /Users/jack/.rvm/gems/ruby-2.1.1/gems/railties-4.1.5/lib/rails/templates/rails/welcome/index.html.erb (0.0ms)
Completed 200 OK in 1ms (Views: 0.8ms | ActiveRecord: 0.0ms)


Started GET "/" for 127.0.0.1 at 2014-10-18 09:53:06 +0800
  [1m[36mActiveRecord::SchemaMigration Load (0.1ms)[0m  [1mSELECT "schema_migrations".* FROM "schema_migrations"[0m
Processing by Rails::WelcomeController#index as HTML
  Rendered /Users/jack/.rvm/gems/ruby-2.1.1/gems/railties-4.1.5/lib/rails/templates/rails/welcome/index.html.erb (1.4ms)
Completed 200 OK in 18ms (Views: 7.3ms | ActiveRecord: 0.0ms)


Started GET "/" for 127.0.0.1 at 2014-10-18 09:53:43 +0800
Processing by Rails::WelcomeController#index as HTML
  Rendered /Users/jack/.rvm/gems/ruby-2.1.1/gems/railties-4.1.5/lib/rails/templates/rails/welcome/index.html.erb (0.2ms)
Completed 200 OK in 3ms (Views: 1.7ms | ActiveRecord: 0.0ms)


Started GET "/" for 127.0.0.1 at 2014-10-18 09:53:57 +0800
  [1m[36mActiveRecord::SchemaMigration Load (0.1ms)[0m  [1mSELECT "schema_migrations".* FROM "schema_migrations"[0m
Processing by Rails::WelcomeController#index as HTML
  Rendered /Users/jack/.rvm/gems/ruby-2.1.1/gems/railties-4.1.5/lib/rails/templates/rails/welcome/index.html.erb (1.2ms)
Completed 200 OK in 12ms (Views: 4.8ms | ActiveRecord: 0.0ms)


Started GET "/" for 127.0.0.1 at 2014-10-18 10:06:47 +0800
Processing by HomeController#index as HTML
  Rendered home/index.html.slim within layouts/application (22.8ms)
Completed 500 Internal Server Error in 36ms

ActionView::Template::Error (couldn't find file 'bootstrap-theme.min'
  (in /Users/jack/workspace/kbox/app/assets/stylesheets/application.css:15)):
    2: <html>
    3: <head>
    4:   <title>Kbox</title>
    5:   <%= stylesheet_link_tag    'application', media: 'all', 'data-turbolinks-track' => true %>
    6:   <%= javascript_include_tag 'application', 'data-turbolinks-track' => true %>
    7:   <%= csrf_meta_tags %>
    8: </head>
  app/views/layouts/application.html.erb:5:in `_app_views_layouts_application_html_erb___4314614639537492414_2159688020'


  Rendered /Users/jack/.rvm/gems/ruby-2.1.1/gems/actionpack-4.1.5/lib/action_dispatch/middleware/templates/rescues/_trace.html.erb (1.5ms)
  Rendered /Users/jack/.rvm/gems/ruby-2.1.1/gems/actionpack-4.1.5/lib/action_dispatch/middleware/templates/rescues/_request_and_response.html.erb (1.0ms)
  Rendered /Users/jack/.rvm/gems/ruby-2.1.1/gems/actionpack-4.1.5/lib/action_dispatch/middleware/templates/rescues/template_error.html.erb within rescues/layout (17.4ms)


Started GET "/" for 127.0.0.1 at 2014-10-18 10:07:15 +0800
  [1m[36mActiveRecord::SchemaMigration Load (0.2ms)[0m  [1mSELECT "schema_migrations".* FROM "schema_migrations"[0m
Processing by HomeController#index as HTML
  Rendered home/index.html.slim within layouts/application (21.5ms)
Completed 500 Internal Server Error in 44ms

ActionView::Template::Error (couldn't find file 'bootstrap-theme.min'
  (in /Users/jack/workspace/kbox/app/assets/stylesheets/application.css:15)):
    2: <html>
    3: <head>
    4:   <title>Kbox</title>
    5:   <%= stylesheet_link_tag    'application', media: 'all', 'data-turbolinks-track' => true %>
    6:   <%= javascript_include_tag 'application', 'data-turbolinks-track' => true %>
    7:   <%= csrf_meta_tags %>
    8: </head>
  app/views/layouts/application.html.erb:5:in `_app_views_layouts_application_html_erb___3482396714971999783_2194497640'


  Rendered /Users/jack/.rvm/gems/ruby-2.1.1/gems/actionpack-4.1.5/lib/action_dispatch/middleware/templates/rescues/_trace.html.erb (1.2ms)
  Rendered /Users/jack/.rvm/gems/ruby-2.1.1/gems/actionpack-4.1.5/lib/action_dispatch/middleware/templates/rescues/_request_and_response.html.erb (0.7ms)
  Rendered /Users/jack/.rvm/gems/ruby-2.1.1/gems/actionpack-4.1.5/lib/action_dispatch/middleware/templates/rescues/template_error.html.erb within rescues/layout (13.0ms)


Started GET "/" for 127.0.0.1 at 2014-10-18 10:08:35 +0800
Processing by HomeController#index as HTML
  Rendered home/index.html.slim within layouts/application (0.3ms)
Completed 200 OK in 1026ms (Views: 1025.1ms | ActiveRecord: 0.0ms)


Started GET "/assets/home.css?body=1" for 127.0.0.1 at 2014-10-18 10:08:36 +0800


Started GET "/assets/groups.css?body=1" for 127.0.0.1 at 2014-10-18 10:08:36 +0800


Started GET "/assets/turbolinks.js?body=1" for 127.0.0.1 at 2014-10-18 10:08:36 +0800


Started GET "/assets/application.css?body=1" for 127.0.0.1 at 2014-10-18 10:08:36 +0800


Started GET "/assets/scaffolds.css?body=1" for 127.0.0.1 at 2014-10-18 10:08:37 +0800


Started GET "/assets/songs.css?body=1" for 127.0.0.1 at 2014-10-18 10:08:37 +0800


Started GET "/assets/playlists.css?body=1" for 127.0.0.1 at 2014-10-18 10:08:37 +0800


Started GET "/assets/songs.js?body=1" for 127.0.0.1 at 2014-10-18 10:08:37 +0800


Started GET "/assets/application.js?body=1" for 127.0.0.1 at 2014-10-18 10:08:37 +0800


Started GET "/assets/jquery.js?body=1" for 127.0.0.1 at 2014-10-18 10:08:37 +0800


Started GET "/assets/jquery_ujs.js?body=1" for 127.0.0.1 at 2014-10-18 10:08:37 +0800


Started GET "/assets/groups.js?body=1" for 127.0.0.1 at 2014-10-18 10:08:37 +0800


Started GET "/assets/playlists.js?body=1" for 127.0.0.1 at 2014-10-18 10:08:37 +0800


Started GET "/assets/home.js?body=1" for 127.0.0.1 at 2014-10-18 10:08:37 +0800
